# JRE version: Java(TM) SE Runtime Environment (8.0_191-b12) (build 1.8.0_191-b12)
# Java VM: Java HotSpot(TM) 64-Bit Server VM (25.191-b12 mixed mode bsd-amd64 compressed oops)
Heap:
 PSYoungGen      total 335360K, used 64058K [0x000000076ab00000, 0x0000000780d00000, 0x00000007c0000000)
  eden space 327168K, 17% used [0x000000076ab00000,0x000000076e3ea220,0x000000077ea80000)
  from space 8192K, 70% used [0x000000077f280000,0x000000077f824990,0x000000077fa80000)
  to   space 8192K, 0% used [0x000000077ea80000,0x000000077ea80000,0x000000077f280000)
 ParOldGen       total 104960K, used 7553K [0x00000006c0000000, 0x00000006c6680000, 0x000000076ab00000)
  object space 104960K, 7% used [0x00000006c0000000,0x00000006c0760490,0x00000006c6680000)
 Metaspace       used 32124K, capacity 34088K, committed 34176K, reserved 1079296K
  class space    used 3808K, capacity 4188K, committed 4224K, reserved 1048576K
GC Heap History (10 events):
Event: 13.725 GC heap before
{Heap before GC invocations=10 (full 1):
 PSYoungGen      total 136704K, used 136503K [0x000000076ab00000, 0x0000000773c80000, 0x00000007c0000000)
  eden space 130560K, 100% used [0x000000076ab00000,0x0000000772a80000,0x0000000772a80000)
  from space 6144K, 96% used [0x0000000773680000,0x0000000773c4de80,0x0000000773c80000)
  to   space 9216K, 0% used [0x0000000772a80000,0x0000000772a80000,0x0000000773380000)
 ParOldGen       total 104960K, used 7489K [0x00000006c0000000, 0x00000006c6680000, 0x000000076ab00000)
  object space 104960K, 7% used [0x00000006c0000000,0x00000006c0750490,0x00000006c6680000)
 Metaspace       used 30736K, capacity 32314K, committed 32384K, reserved 1077248K
  class space    used 3637K, capacity 3955K, committed 3968K, reserved 1048576K
Event: 13.730 GC heap after
Heap after GC invocations=10 (full 1):
 PSYoungGen      total 139776K, used 5236K [0x000000076ab00000, 0x0000000775b00000, 0x00000007c0000000)
  eden space 130560K, 0% used [0x000000076ab00000,0x000000076ab00000,0x0000000772a80000)
  from space 9216K, 56% used [0x0000000772a80000,0x0000000772f9d220,0x0000000773380000)
  to   space 9216K, 0% used [0x0000000775200000,0x0000000775200000,0x0000000775b00000)
 ParOldGen       total 104960K, used 7497K [0x00000006c0000000, 0x00000006c6680000, 0x000000076ab00000)
  object space 104960K, 7% used [0x00000006c0000000,0x00000006c0752490,0x00000006c6680000)
 Metaspace       used 30736K, capacity 32314K, committed 32384K, reserved 1077248K
  class space    used 3637K, capacity 3955K, committed 3968K, reserved 1048576K
}
Event: 14.463 GC heap before
{Heap before GC invocations=11 (full 1):
 PSYoungGen      total 139776K, used 135796K [0x000000076ab00000, 0x0000000775b00000, 0x00000007c0000000)
  eden space 130560K, 100% used [0x000000076ab00000,0x0000000772a80000,0x0000000772a80000)
  from space 9216K, 56% used [0x0000000772a80000,0x0000000772f9d220,0x0000000773380000)
  to   space 9216K, 0% used [0x0000000775200000,0x0000000775200000,0x0000000775b00000)
 ParOldGen       total 104960K, used 7497K [0x00000006c0000000, 0x00000006c6680000, 0x000000076ab00000)
  object space 104960K, 7% used [0x00000006c0000000,0x00000006c0752490,0x00000006c6680000)
 Metaspace       used 30840K, capacity 32496K, committed 32640K, reserved 1077248K
  class space    used 3642K, capacity 3964K, committed 3968K, reserved 1048576K
Event: 14.467 GC heap after
Heap after GC invocations=11 (full 1):
 PSYoungGen      total 171008K, used 5424K [0x000000076ab00000, 0x0000000775b00000, 0x00000007c0000000)
  eden space 161792K, 0% used [0x000000076ab00000,0x000000076ab00000,0x0000000774900000)
  from space 9216K, 58% used [0x0000000775200000,0x000000077574c0a0,0x0000000775b00000)
  to   space 9216K, 0% used [0x0000000774900000,0x0000000774900000,0x0000000775200000)
 ParOldGen       total 104960K, used 7505K [0x00000006c0000000, 0x00000006c6680000, 0x000000076ab00000)
  object space 104960K, 7% used [0x00000006c0000000,0x00000006c0754490,0x00000006c6680000)
 Metaspace       used 30840K, capacity 32496K, committed 32640K, reserved 1077248K
  class space    used 3642K, capacity 3964K, committed 3968K, reserved 1048576K
}
Event: 15.384 GC heap before
{Heap before GC invocations=12 (full 1):
 PSYoungGen      total 171008K, used 167216K [0x000000076ab00000, 0x0000000775b00000, 0x00000007c0000000)
  eden space 161792K, 100% used [0x000000076ab00000,0x0000000774900000,0x0000000774900000)
  from space 9216K, 58% used [0x0000000775200000,0x000000077574c0a0,0x0000000775b00000)
  to   space 9216K, 0% used [0x0000000774900000,0x0000000774900000,0x0000000775200000)
 ParOldGen       total 104960K, used 7505K [0x00000006c0000000, 0x00000006c6680000, 0x000000076ab00000)
  object space 104960K, 7% used [0x00000006c0000000,0x00000006c0754490,0x00000006c6680000)
 Metaspace       used 30996K, capacity 32728K, committed 33024K, reserved 1079296K
  class space    used 3671K, capacity 3994K, committed 4096K, reserved 1048576K
Event: 15.388 GC heap after
Heap after GC invocations=12 (full 1):
 PSYoungGen      total 171008K, used 5375K [0x000000076ab00000, 0x0000000777e80000, 0x00000007c0000000)
  eden space 161792K, 0% used [0x000000076ab00000,0x000000076ab00000,0x0000000774900000)
  from space 9216K, 58% used [0x0000000774900000,0x0000000774e3fe70,0x0000000775200000)
  to   space 8704K, 0% used [0x0000000777600000,0x0000000777600000,0x0000000777e80000)
 ParOldGen       total 104960K, used 7513K [0x00000006c0000000, 0x00000006c6680000, 0x000000076ab00000)
  object space 104960K, 7% used [0x00000006c0000000,0x00000006c0756490,0x00000006c6680000)
 Metaspace       used 30996K, capacity 32728K, committed 33024K, reserved 1079296K
  class space    used 3671K, capacity 3994K, committed 4096K, reserved 1048576K
}
Event: 16.030 GC heap before
{Heap before GC invocations=13 (full 1):
 PSYoungGen      total 171008K, used 167167K [0x000000076ab00000, 0x0000000777e80000, 0x00000007c0000000)
  eden space 161792K, 100% used [0x000000076ab00000,0x0000000774900000,0x0000000774900000)
  from space 9216K, 58% used [0x0000000774900000,0x0000000774e3fe70,0x0000000775200000)
  to   space 8704K, 0% used [0x0000000777600000,0x0000000777600000,0x0000000777e80000)
 ParOldGen       total 104960K, used 7513K [0x00000006c0000000, 0x00000006c6680000, 0x000000076ab00000)
  object space 104960K, 7% used [0x00000006c0000000,0x00000006c0756490,0x00000006c6680000)
 Metaspace       used 31480K, capacity 33350K, committed 33536K, reserved 1079296K
  class space    used 3740K, capacity 4089K, committed 4096K, reserved 1048576K
Event: 16.035 GC heap after
Heap after GC invocations=13 (full 1):
 PSYoungGen      total 207872K, used 5565K [0x000000076ab00000, 0x0000000778080000, 0x00000007c0000000)
  eden space 199168K, 0% used [0x000000076ab00000,0x000000076ab00000,0x0000000776d80000)
  from space 8704K, 63% used [0x0000000777600000,0x0000000777b6f4f0,0x0000000777e80000)
  to   space 8704K, 0% used [0x0000000776d80000,0x0000000776d80000,0x0000000777600000)
 ParOldGen       total 104960K, used 7521K [0x00000006c0000000, 0x00000006c6680000, 0x000000076ab00000)
  object space 104960K, 7% used [0x00000006c0000000,0x00000006c0758490,0x00000006c6680000)
 Metaspace       used 31480K, capacity 33350K, committed 33536K, reserved 1079296K
  class space    used 3740K, capacity 4089K, committed 4096K, reserved 1048576K
}
Event: 17.338 GC heap before
{Heap before GC invocations=14 (full 1):
 PSYoungGen      total 207872K, used 204733K [0x000000076ab00000, 0x0000000778080000, 0x00000007c0000000)
  eden space 199168K, 100% used [0x000000076ab00000,0x0000000776d80000,0x0000000776d80000)
  from space 8704K, 63% used [0x0000000777600000,0x0000000777b6f4f0,0x0000000777e80000)
  to   space 8704K, 0% used [0x0000000776d80000,0x0000000776d80000,0x0000000777600000)
 ParOldGen       total 104960K, used 7521K [0x00000006c0000000, 0x00000006c6680000, 0x000000076ab00000)
  object space 104960K, 7% used [0x00000006c0000000,0x00000006c0758490,0x00000006c6680000)
 Metaspace       used 31637K, capacity 33576K, committed 33664K, reserved 1079296K
  class space    used 3760K, capacity 4142K, committed 4224K, reserved 1048576K
Event: 17.342 GC heap after
Heap after GC invocations=14 (full 1):
 PSYoungGen      total 207872K, used 5777K [0x000000076ab00000, 0x000000077aa80000, 0x00000007c0000000)
  eden space 199168K, 0% used [0x000000076ab00000,0x000000076ab00000,0x0000000776d80000)
  from space 8704K, 66% used [0x0000000776d80000,0x0000000777324520,0x0000000777600000)
  to   space 8704K, 0% used [0x000000077a200000,0x000000077a200000,0x000000077aa80000)
 ParOldGen       total 104960K, used 7529K [0x00000006c0000000, 0x00000006c6680000, 0x000000076ab00000)
  object space 104960K, 7% used [0x00000006c0000000,0x00000006c075a490,0x00000006c6680000)
 Metaspace       used 31637K, capacity 33576K, committed 33664K, reserved 1079296K
  class space    used 3760K, capacity 4142K, committed 4224K, reserved 1048576K
}

